<?xml version="1.0" encoding="UTF-8"?>
<!-- Generated by org.testng.reporters.JUnitReportReporter -->
<testsuite hostname="LAPTOP-O3NCOK7A" failures="0" tests="2" name="api.test.Usertestcases" time="5.772" errors="0" timestamp="2025-06-21T15:19:39 IST" skipped="0">
  <testcase classname="api.test.Usertestcases" name="postuser" time="4.481"/>
  <testcase classname="api.test.Usertestcases" name="Getuser" time="1.291"/>
</testsuite> <!-- api.test.Usertestcases -->
